have_struct_member: checking for struct stat.st_birthtimespec in sys/stat.h... -------------------- no

"gcc -o conftest -I../../.ext/include/x86_64-linux -I../.././include -I../.././ext/pathname    -O3 -ggdb3 -Wall -Wextra -Wdeclaration-after-statement -Wdeprecated-declarations -Wimplicit-function-declaration -Wimplicit-int -Wpointer-arith -Wwrite-strings -Wmissing-noreturn -Wno-cast-function-type -Wno-constant-logical-operand -Wno-long-long -Wno-missing-field-initializers -Wno-overlength-strings -Wno-packed-bitfield-compat -Wno-parentheses-equality -Wno-self-assign -Wno-tautological-compare -Wno-unused-parameter -Wno-unused-value -Wsuggest-attribute=format -Wsuggest-attribute=noreturn -Wunused-variable -Wno-maybe-uninitialized conftest.c  -L. -L../.. -L. -fstack-protector-strong -rdynamic -Wl,-export-dynamic     -Wl,-rpath,/usr/local/ruby/lib -L/usr/local/ruby/lib -lruby-static -lz -lpthread -lrt -lrt -ldl -lcrypt -lm   -lm   -lc"
./ext/extmk.rb:60: warning: Insecure world writable dir /root/redis/redis/bin in PATH, mode 040777
checked program was:
/* begin */
1: #include "ruby.h"
2: 
3: int main(int argc, char **argv)
4: {
5:   return 0;
6: }
/* end */

"gcc -I../../.ext/include/x86_64-linux -I../.././include -I../.././ext/pathname    -O3 -ggdb3 -Wall -Wextra -Wdeclaration-after-statement -Wdeprecated-declarations -Wimplicit-function-declaration -Wimplicit-int -Wpointer-arith -Wwrite-strings -Wmissing-noreturn -Wno-cast-function-type -Wno-constant-logical-operand -Wno-long-long -Wno-missing-field-initializers -Wno-overlength-strings -Wno-packed-bitfield-compat -Wno-parentheses-equality -Wno-self-assign -Wno-tautological-compare -Wno-unused-parameter -Wno-unused-value -Wsuggest-attribute=format -Wsuggest-attribute=noreturn -Wunused-variable -Wno-maybe-uninitialized   -c conftest.c"
conftest.c:6:35: error: 'struct stat' has no member named 'st_birthtimespec'
 int s = (char *)&((struct stat*)0)->st_birthtimespec - (char *)0;
                                   ^
cc1: warning: unrecognized command line option '-Wno-tautological-compare'
cc1: warning: unrecognized command line option '-Wno-self-assign'
cc1: warning: unrecognized command line option '-Wno-parentheses-equality'
cc1: warning: unrecognized command line option '-Wno-constant-logical-operand'
cc1: warning: unrecognized command line option '-Wno-cast-function-type'
checked program was:
/* begin */
 1: #include "ruby.h"
 2: 
 3: #include <sys/stat.h>
 4: 
 5: /*top*/
 6: int s = (char *)&((struct stat*)0)->st_birthtimespec - (char *)0;
 7: int main(int argc, char **argv)
 8: {
 9:   return 0;
10: }
/* end */

--------------------

extconf.h is:
/* begin */
1: #ifndef EXTCONF_H
2: #define EXTCONF_H
3: #endif
/* end */

